2026-05-19 14:41:56,429 client.scraper True Scraper easport.news ejecutado correctamente
2026-05-19 14:41:56,429 client.scraper True Scraper easport.novelties ejecutado correctamente
2026-05-19 14:41:56,429 client.scraper True Scraper easport.soon ejecutado correctamente
2026-05-19 14:41:56,429 client.scraper True Scraper easport.free ejecutado correctamente
2026-05-19 14:41:56,429 client.scraper True Scraper easport.updates ejecutado correctamente
2026-05-19 14:41:58,204 client.scraper True Scraper iracing.cars ejecutado correctamente
2026-05-19 14:41:58,204 client.scraper True Scraper iracing.tracks ejecutado correctamente
2026-05-19 14:41:58,204 client.scraper True Scraper iracing.series ejecutado correctamente
2026-05-19 14:41:58,204 client.scraper None Scraper iracing.seasons ha fallado
2026-05-19 14:41:58,204 client.scraper True Scraper iracing.news ejecutado correctamente
2026-05-19 14:41:59,444 client.scraper True Scraper news.marca ejecutado correctamente
2026-05-19 14:41:59,444 client.scraper True Scraper news.lanacion ejecutado correctamente
2026-05-19 14:41:59,444 client.scraper True Scraper news.lanacion-tec ejecutado correctamente
2026-05-19 14:41:59,444 client.scraper True Scraper news.wired-espacio ejecutado correctamente
2026-05-19 14:41:59,444 client.scraper True Scraper news.wired-biotec ejecutado correctamente
2026-05-19 14:41:59,444 client.scraper True Scraper news.wired-neuroc ejecutado correctamente
2026-05-19 14:41:59,444 client.scraper True Scraper news.wired-robots ejecutado correctamente
2026-05-19 14:42:05,639 client.scraper True Scraper lol.campeones ejecutado correctamente
2026-05-19 14:42:05,639 client.scraper True Scraper lol.noticias ejecutado correctamente
2026-05-19 14:42:05,639 client.scraper True Scraper lol.notas ejecutado correctamente
